[2025-08-15 15:35:27] local.ERROR: SQLSTATE[42S01]: Base table or view already exists: 1050 Table 'counts' already exists (Connection: mysql, SQL: create table `counts` (`id` bigint unsigned not null auto_increment primary key, `timestamp` timestamp not null, `passengers` int not null, `day` varchar(255) not null, `date` date not null, `weather` varchar(255) not null, `time_value` time not null, `peak_hours` tinyint(1) not null, `weekends` tinyint(1) not null, `holidays` tinyint(1) not null, `created_at` timestamp null, `updated_at` timestamp null) default character set utf8mb4 collate 'utf8mb4_unicode_ci') {"exception":"[object] (Illuminate\\Database\\QueryException(code: 42S01): SQLSTATE[42S01]: Base table or view already exists: 1050 Table 'counts' already exists (Connection: mysql, SQL: create table `counts` (`id` bigint unsigned not null auto_increment primary key, `timestamp` timestamp not null, `passengers` int not null, `day` varchar(255) not null, `date` date not null, `weather` varchar(255) not null, `time_value` time not null, `peak_hours` tinyint(1) not null, `weekends` tinyint(1) not null, `holidays` tinyint(1) not null, `created_at` timestamp null, `updated_at` timestamp null) default character set utf8mb4 collate 'utf8mb4_unicode_ci') at C:\\Users\\Wandowa\\Documents\\PROJECTS\\Wandowa Final Year Project\\Camera Detection\\passenger_dashboard\\vendor\\laravel\\framework\\src\\Illuminate\\Database\\Connection.php:824)
[stacktrace]
#0 C:\\Users\\Wandowa\\Documents\\PROJECTS\\Wandowa Final Year Project\\Camera Detection\\passenger_dashboard\\vendor\\laravel\\framework\\src\\Illuminate\\Database\\Connection.php(778): Illuminate\\Database\\Connection->runQueryCallback()
#1 C:\\Users\\Wandowa\\Documents\\PROJECTS\\Wandowa Final Year Project\\Camera Detection\\passenger_dashboard\\vendor\\laravel\\framework\\src\\Illuminate\\Database\\Connection.php(559): Illuminate\\Database\\Connection->run()
#2 C:\\Users\\Wandowa\\Documents\\PROJECTS\\Wandowa Final Year Project\\Camera Detection\\passenger_dashboard\\vendor\\laravel\\framework\\src\\Illuminate\\Database\\Schema\\Blueprint.php(121): Illuminate\\Database\\Connection->statement()
#3 C:\\Users\\Wandowa\\Documents\\PROJECTS\\Wandowa Final Year Project\\Camera Detection\\passenger_dashboard\\vendor\\laravel\\framework\\src\\Illuminate\\Database\\Schema\\Builder.php(618): Illuminate\\Database\\Schema\\Blueprint->build()
#4 C:\\Users\\Wandowa\\Documents\\PROJECTS\\Wandowa Final Year Project\\Camera Detection\\passenger_dashboard\\vendor\\laravel\\framework\\src\\Illuminate\\Database\\Schema\\Builder.php(472): Illuminate\\Database\\Schema\\Builder->build()
#5 C:\\Users\\Wandowa\\Documents\\PROJECTS\\Wandowa Final Year Project\\Camera Detection\\passenger_dashboard\\vendor\\laravel\\framework\\src\\Illuminate\\Support\\Facades\\Facade.php(363): Illuminate\\Database\\Schema\\Builder->create()
#6 C:\\Users\\Wandowa\\Documents\\PROJECTS\\Wandowa Final Year Project\\Camera Detection\\passenger_dashboard\\database\\migrations\\2025_08_15_153145_create_counts_table.php(14): Illuminate\\Support\\Facades\\Facade::__callStatic()
#7 C:\\Users\\Wandowa\\Documents\\PROJECTS\\Wandowa Final Year Project\\Camera Detection\\passenger_dashboard\\vendor\\laravel\\framework\\src\\Illuminate\\Database\\Migrations\\Migrator.php(514): Illuminate\\Database\\Migrations\\Migration@anonymous->up()
#8 C:\\Users\\Wandowa\\Documents\\PROJECTS\\Wandowa Final Year Project\\Camera Detection\\passenger_dashboard\\vendor\\laravel\\framework\\src\\Illuminate\\Database\\Migrations\\Migrator.php(439): Illuminate\\Database\\Migrations\\Migrator->runMethod()
#9 C:\\Users\\Wandowa\\Documents\\PROJECTS\\Wandowa Final Year Project\\Camera Detection\\passenger_dashboard\\vendor\\laravel\\framework\\src\\Illuminate\\Database\\Migrations\\Migrator.php(448): Illuminate\\Database\\Migrations\\Migrator->Illuminate\\Database\\Migrations\\{closure}()
#10 C:\\Users\\Wandowa\\Documents\\PROJECTS\\Wandowa Final Year Project\\Camera Detection\\passenger_dashboard\\vendor\\laravel\\framework\\src\\Illuminate\\Database\\Migrations\\Migrator.php(250): Illuminate\\Database\\Migrations\\Migrator->runMigration()
#11 C:\\Users\\Wandowa\\Documents\\PROJECTS\\Wandowa Final Year Project\\Camera Detection\\passenger_dashboard\\vendor\\laravel\\framework\\src\\Illuminate\\Console\\View\\Components\\Task.php(41): Illuminate\\Database\\Migrations\\Migrator->Illuminate\\Database\\Migrations\\{closure}()
#12 C:\\Users\\Wandowa\\Documents\\PROJECTS\\Wandowa Final Year Project\\Camera Detection\\passenger_dashboard\\vendor\\laravel\\framework\\src\\Illuminate\\Database\\Migrations\\Migrator.php(809): Illuminate\\Console\\View\\Components\\Task->render()
#13 C:\\Users\\Wandowa\\Documents\\PROJECTS\\Wandowa Final Year Project\\Camera Detection\\passenger_dashboard\\vendor\\laravel\\framework\\src\\Illuminate\\Database\\Migrations\\Migrator.php(250): Illuminate\\Database\\Migrations\\Migrator->write()
#14 C:\\Users\\Wandowa\\Documents\\PROJECTS\\Wandowa Final Year Project\\Camera Detection\\passenger_dashboard\\vendor\\laravel\\framework\\src\\Illuminate\\Database\\Migrations\\Migrator.php(210): Illuminate\\Database\\Migrations\\Migrator->runUp()
#15 C:\\Users\\Wandowa\\Documents\\PROJECTS\\Wandowa Final Year Project\\Camera Detection\\passenger_dashboard\\vendor\\laravel\\framework\\src\\Illuminate\\Database\\Migrations\\Migrator.php(137): Illuminate\\Database\\Migrations\\Migrator->runPending()
#16 C:\\Users\\Wandowa\\Documents\\PROJECTS\\Wandowa Final Year Project\\Camera Detection\\passenger_dashboard\\vendor\\laravel\\framework\\src\\Illuminate\\Database\\Console\\Migrations\\MigrateCommand.php(116): Illuminate\\Database\\Migrations\\Migrator->run()
#17 C:\\Users\\Wandowa\\Documents\\PROJECTS\\Wandowa Final Year Project\\Camera Detection\\passenger_dashboard\\vendor\\laravel\\framework\\src\\Illuminate\\Database\\Migrations\\Migrator.php(666): Illuminate\\Database\\Console\\Migrations\\MigrateCommand->Illuminate\\Database\\Console\\Migrations\\{closure}()
#18 C:\\Users\\Wandowa\\Documents\\PROJECTS\\Wandowa Final Year Project\\Camera Detection\\passenger_dashboard\\vendor\\laravel\\framework\\src\\Illuminate\\Database\\Console\\Migrations\\MigrateCommand.php(109): Illuminate\\Database\\Migrations\\Migrator->usingConnection()
#19 C:\\Users\\Wandowa\\Documents\\PROJECTS\\Wandowa Final Year Project\\Camera Detection\\passenger_dashboard\\vendor\\laravel\\framework\\src\\Illuminate\\Database\\Console\\Migrations\\MigrateCommand.php(88): Illuminate\\Database\\Console\\Migrations\\MigrateCommand->runMigrations()
#20 C:\\Users\\Wandowa\\Documents\\PROJECTS\\Wandowa Final Year Project\\Camera Detection\\passenger_dashboard\\vendor\\laravel\\framework\\src\\Illuminate\\Container\\BoundMethod.php(36): Illuminate\\Database\\Console\\Migrations\\MigrateCommand->handle()
#21 C:\\Users\\Wandowa\\Documents\\PROJECTS\\Wandowa Final Year Project\\Camera Detection\\passenger_dashboard\\vendor\\laravel\\framework\\src\\Illuminate\\Container\\Util.php(43): Illuminate\\Container\\BoundMethod::Illuminate\\Container\\{closure}()
#22 C:\\Users\\Wandowa\\Documents\\PROJECTS\\Wandowa Final Year Project\\Camera Detection\\passenger_dashboard\\vendor\\laravel\\framework\\src\\Illuminate\\Container\\BoundMethod.php(96): Illuminate\\Container\\Util::unwrapIfClosure()
#23 C:\\Users\\Wandowa\\Documents\\PROJECTS\\Wandowa Final Year Project\\Camera Detection\\passenger_dashboard\\vendor\\laravel\\framework\\src\\Illuminate\\Container\\BoundMethod.php(35): Illuminate\\Container\\BoundMethod::callBoundMethod()
#24 C:\\Users\\Wandowa\\Documents\\PROJECTS\\Wandowa Final Year Project\\Camera Detection\\passenger_dashboard\\vendor\\laravel\\framework\\src\\Illuminate\\Container\\Container.php(835): Illuminate\\Container\\BoundMethod::call()
#25 C:\\Users\\Wandowa\\Documents\\PROJECTS\\Wandowa Final Year Project\\Camera Detection\\passenger_dashboard\\vendor\\laravel\\framework\\src\\Illuminate\\Console\\Command.php(211): Illuminate\\Container\\Container->call()
#26 C:\\Users\\Wandowa\\Documents\\PROJECTS\\Wandowa Final Year Project\\Camera Detection\\passenger_dashboard\\vendor\\symfony\\console\\Command\\Command.php(318): Illuminate\\Console\\Command->execute()
#27 C:\\Users\\Wandowa\\Documents\\PROJECTS\\Wandowa Final Year Project\\Camera Detection\\passenger_dashboard\\vendor\\laravel\\framework\\src\\Illuminate\\Console\\Command.php(180): Symfony\\Component\\Console\\Command\\Command->run()
#28 C:\\Users\\Wandowa\\Documents\\PROJECTS\\Wandowa Final Year Project\\Camera Detection\\passenger_dashboard\\vendor\\symfony\\console\\Application.php(1092): Illuminate\\Console\\Command->run()
#29 C:\\Users\\Wandowa\\Documents\\PROJECTS\\Wandowa Final Year Project\\Camera Detection\\passenger_dashboard\\vendor\\symfony\\console\\Application.php(341): Symfony\\Component\\Console\\Application->doRunCommand()
#30 C:\\Users\\Wandowa\\Documents\\PROJECTS\\Wandowa Final Year Project\\Camera Detection\\passenger_dashboard\\vendor\\symfony\\console\\Application.php(192): Symfony\\Component\\Console\\Application->doRun()
#31 C:\\Users\\Wandowa\\Documents\\PROJECTS\\Wandowa Final Year Project\\Camera Detection\\passenger_dashboard\\vendor\\laravel\\framework\\src\\Illuminate\\Foundation\\Console\\Kernel.php(197): Symfony\\Component\\Console\\Application->run()
#32 C:\\Users\\Wandowa\\Documents\\PROJECTS\\Wandowa Final Year Project\\Camera Detection\\passenger_dashboard\\vendor\\laravel\\framework\\src\\Illuminate\\Foundation\\Application.php(1234): Illuminate\\Foundation\\Console\\Kernel->handle()
#33 C:\\Users\\Wandowa\\Documents\\PROJECTS\\Wandowa Final Year Project\\Camera Detection\\passenger_dashboard\\artisan(16): Illuminate\\Foundation\\Application->handleCommand()
#34 {main}

[previous exception] [object] (PDOException(code: 42S01): SQLSTATE[42S01]: Base table or view already exists: 1050 Table 'counts' already exists at C:\\Users\\Wandowa\\Documents\\PROJECTS\\Wandowa Final Year Project\\Camera Detection\\passenger_dashboard\\vendor\\laravel\\framework\\src\\Illuminate\\Database\\Connection.php:570)
[stacktrace]
#0 C:\\Users\\Wandowa\\Documents\\PROJECTS\\Wandowa Final Year Project\\Camera Detection\\passenger_dashboard\\vendor\\laravel\\framework\\src\\Illuminate\\Database\\Connection.php(570): PDOStatement->execute()
#1 C:\\Users\\Wandowa\\Documents\\PROJECTS\\Wandowa Final Year Project\\Camera Detection\\passenger_dashboard\\vendor\\laravel\\framework\\src\\Illuminate\\Database\\Connection.php(811): Illuminate\\Database\\Connection->Illuminate\\Database\\{closure}()
#2 C:\\Users\\Wandowa\\Documents\\PROJECTS\\Wandowa Final Year Project\\Camera Detection\\passenger_dashboard\\vendor\\laravel\\framework\\src\\Illuminate\\Database\\Connection.php(778): Illuminate\\Database\\Connection->runQueryCallback()
#3 C:\\Users\\Wandowa\\Documents\\PROJECTS\\Wandowa Final Year Project\\Camera Detection\\passenger_dashboard\\vendor\\laravel\\framework\\src\\Illuminate\\Database\\Connection.php(559): Illuminate\\Database\\Connection->run()
#4 C:\\Users\\Wandowa\\Documents\\PROJECTS\\Wandowa Final Year Project\\Camera Detection\\passenger_dashboard\\vendor\\laravel\\framework\\src\\Illuminate\\Database\\Schema\\Blueprint.php(121): Illuminate\\Database\\Connection->statement()
#5 C:\\Users\\Wandowa\\Documents\\PROJECTS\\Wandowa Final Year Project\\Camera Detection\\passenger_dashboard\\vendor\\laravel\\framework\\src\\Illuminate\\Database\\Schema\\Builder.php(618): Illuminate\\Database\\Schema\\Blueprint->build()
#6 C:\\Users\\Wandowa\\Documents\\PROJECTS\\Wandowa Final Year Project\\Camera Detection\\passenger_dashboard\\vendor\\laravel\\framework\\src\\Illuminate\\Database\\Schema\\Builder.php(472): Illuminate\\Database\\Schema\\Builder->build()
#7 C:\\Users\\Wandowa\\Documents\\PROJECTS\\Wandowa Final Year Project\\Camera Detection\\passenger_dashboard\\vendor\\laravel\\framework\\src\\Illuminate\\Support\\Facades\\Facade.php(363): Illuminate\\Database\\Schema\\Builder->create()
#8 C:\\Users\\Wandowa\\Documents\\PROJECTS\\Wandowa Final Year Project\\Camera Detection\\passenger_dashboard\\database\\migrations\\2025_08_15_153145_create_counts_table.php(14): Illuminate\\Support\\Facades\\Facade::__callStatic()
#9 C:\\Users\\Wandowa\\Documents\\PROJECTS\\Wandowa Final Year Project\\Camera Detection\\passenger_dashboard\\vendor\\laravel\\framework\\src\\Illuminate\\Database\\Migrations\\Migrator.php(514): Illuminate\\Database\\Migrations\\Migration@anonymous->up()
#10 C:\\Users\\Wandowa\\Documents\\PROJECTS\\Wandowa Final Year Project\\Camera Detection\\passenger_dashboard\\vendor\\laravel\\framework\\src\\Illuminate\\Database\\Migrations\\Migrator.php(439): Illuminate\\Database\\Migrations\\Migrator->runMethod()
#11 C:\\Users\\Wandowa\\Documents\\PROJECTS\\Wandowa Final Year Project\\Camera Detection\\passenger_dashboard\\vendor\\laravel\\framework\\src\\Illuminate\\Database\\Migrations\\Migrator.php(448): Illuminate\\Database\\Migrations\\Migrator->Illuminate\\Database\\Migrations\\{closure}()
#12 C:\\Users\\Wandowa\\Documents\\PROJECTS\\Wandowa Final Year Project\\Camera Detection\\passenger_dashboard\\vendor\\laravel\\framework\\src\\Illuminate\\Database\\Migrations\\Migrator.php(250): Illuminate\\Database\\Migrations\\Migrator->runMigration()
#13 C:\\Users\\Wandowa\\Documents\\PROJECTS\\Wandowa Final Year Project\\Camera Detection\\passenger_dashboard\\vendor\\laravel\\framework\\src\\Illuminate\\Console\\View\\Components\\Task.php(41): Illuminate\\Database\\Migrations\\Migrator->Illuminate\\Database\\Migrations\\{closure}()
#14 C:\\Users\\Wandowa\\Documents\\PROJECTS\\Wandowa Final Year Project\\Camera Detection\\passenger_dashboard\\vendor\\laravel\\framework\\src\\Illuminate\\Database\\Migrations\\Migrator.php(809): Illuminate\\Console\\View\\Components\\Task->render()
#15 C:\\Users\\Wandowa\\Documents\\PROJECTS\\Wandowa Final Year Project\\Camera Detection\\passenger_dashboard\\vendor\\laravel\\framework\\src\\Illuminate\\Database\\Migrations\\Migrator.php(250): Illuminate\\Database\\Migrations\\Migrator->write()
#16 C:\\Users\\Wandowa\\Documents\\PROJECTS\\Wandowa Final Year Project\\Camera Detection\\passenger_dashboard\\vendor\\laravel\\framework\\src\\Illuminate\\Database\\Migrations\\Migrator.php(210): Illuminate\\Database\\Migrations\\Migrator->runUp()
#17 C:\\Users\\Wandowa\\Documents\\PROJECTS\\Wandowa Final Year Project\\Camera Detection\\passenger_dashboard\\vendor\\laravel\\framework\\src\\Illuminate\\Database\\Migrations\\Migrator.php(137): Illuminate\\Database\\Migrations\\Migrator->runPending()
#18 C:\\Users\\Wandowa\\Documents\\PROJECTS\\Wandowa Final Year Project\\Camera Detection\\passenger_dashboard\\vendor\\laravel\\framework\\src\\Illuminate\\Database\\Console\\Migrations\\MigrateCommand.php(116): Illuminate\\Database\\Migrations\\Migrator->run()
#19 C:\\Users\\Wandowa\\Documents\\PROJECTS\\Wandowa Final Year Project\\Camera Detection\\passenger_dashboard\\vendor\\laravel\\framework\\src\\Illuminate\\Database\\Migrations\\Migrator.php(666): Illuminate\\Database\\Console\\Migrations\\MigrateCommand->Illuminate\\Database\\Console\\Migrations\\{closure}()
#20 C:\\Users\\Wandowa\\Documents\\PROJECTS\\Wandowa Final Year Project\\Camera Detection\\passenger_dashboard\\vendor\\laravel\\framework\\src\\Illuminate\\Database\\Console\\Migrations\\MigrateCommand.php(109): Illuminate\\Database\\Migrations\\Migrator->usingConnection()
#21 C:\\Users\\Wandowa\\Documents\\PROJECTS\\Wandowa Final Year Project\\Camera Detection\\passenger_dashboard\\vendor\\laravel\\framework\\src\\Illuminate\\Database\\Console\\Migrations\\MigrateCommand.php(88): Illuminate\\Database\\Console\\Migrations\\MigrateCommand->runMigrations()
#22 C:\\Users\\Wandowa\\Documents\\PROJECTS\\Wandowa Final Year Project\\Camera Detection\\passenger_dashboard\\vendor\\laravel\\framework\\src\\Illuminate\\Container\\BoundMethod.php(36): Illuminate\\Database\\Console\\Migrations\\MigrateCommand->handle()
#23 C:\\Users\\Wandowa\\Documents\\PROJECTS\\Wandowa Final Year Project\\Camera Detection\\passenger_dashboard\\vendor\\laravel\\framework\\src\\Illuminate\\Container\\Util.php(43): Illuminate\\Container\\BoundMethod::Illuminate\\Container\\{closure}()
#24 C:\\Users\\Wandowa\\Documents\\PROJECTS\\Wandowa Final Year Project\\Camera Detection\\passenger_dashboard\\vendor\\laravel\\framework\\src\\Illuminate\\Container\\BoundMethod.php(96): Illuminate\\Container\\Util::unwrapIfClosure()
#25 C:\\Users\\Wandowa\\Documents\\PROJECTS\\Wandowa Final Year Project\\Camera Detection\\passenger_dashboard\\vendor\\laravel\\framework\\src\\Illuminate\\Container\\BoundMethod.php(35): Illuminate\\Container\\BoundMethod::callBoundMethod()
#26 C:\\Users\\Wandowa\\Documents\\PROJECTS\\Wandowa Final Year Project\\Camera Detection\\passenger_dashboard\\vendor\\laravel\\framework\\src\\Illuminate\\Container\\Container.php(835): Illuminate\\Container\\BoundMethod::call()
#27 C:\\Users\\Wandowa\\Documents\\PROJECTS\\Wandowa Final Year Project\\Camera Detection\\passenger_dashboard\\vendor\\laravel\\framework\\src\\Illuminate\\Console\\Command.php(211): Illuminate\\Container\\Container->call()
#28 C:\\Users\\Wandowa\\Documents\\PROJECTS\\Wandowa Final Year Project\\Camera Detection\\passenger_dashboard\\vendor\\symfony\\console\\Command\\Command.php(318): Illuminate\\Console\\Command->execute()
#29 C:\\Users\\Wandowa\\Documents\\PROJECTS\\Wandowa Final Year Project\\Camera Detection\\passenger_dashboard\\vendor\\laravel\\framework\\src\\Illuminate\\Console\\Command.php(180): Symfony\\Component\\Console\\Command\\Command->run()
#30 C:\\Users\\Wandowa\\Documents\\PROJECTS\\Wandowa Final Year Project\\Camera Detection\\passenger_dashboard\\vendor\\symfony\\console\\Application.php(1092): Illuminate\\Console\\Command->run()
#31 C:\\Users\\Wandowa\\Documents\\PROJECTS\\Wandowa Final Year Project\\Camera Detection\\passenger_dashboard\\vendor\\symfony\\console\\Application.php(341): Symfony\\Component\\Console\\Application->doRunCommand()
#32 C:\\Users\\Wandowa\\Documents\\PROJECTS\\Wandowa Final Year Project\\Camera Detection\\passenger_dashboard\\vendor\\symfony\\console\\Application.php(192): Symfony\\Component\\Console\\Application->doRun()
#33 C:\\Users\\Wandowa\\Documents\\PROJECTS\\Wandowa Final Year Project\\Camera Detection\\passenger_dashboard\\vendor\\laravel\\framework\\src\\Illuminate\\Foundation\\Console\\Kernel.php(197): Symfony\\Component\\Console\\Application->run()
#34 C:\\Users\\Wandowa\\Documents\\PROJECTS\\Wandowa Final Year Project\\Camera Detection\\passenger_dashboard\\vendor\\laravel\\framework\\src\\Illuminate\\Foundation\\Application.php(1234): Illuminate\\Foundation\\Console\\Kernel->handle()
#35 C:\\Users\\Wandowa\\Documents\\PROJECTS\\Wandowa Final Year Project\\Camera Detection\\passenger_dashboard\\artisan(16): Illuminate\\Foundation\\Application->handleCommand()
#36 {main}
"} 
